<?xml version="1.0" encoding="UTF-8"?>
<testng-results ignored="0" total="1" passed="1" failed="0" skipped="0">
  <reporter-output>
  </reporter-output>
  <suite started-at="2023-03-01T15:02:56 IST" name="Default suite" finished-at="2023-03-01T15:03:06 IST" duration-ms="10036">
    <groups>
    </groups>
    <test started-at="2023-03-01T15:02:56 IST" name="Default test" finished-at="2023-03-01T15:03:06 IST" duration-ms="10036">
      <class name="practisingtestng.ParallelExecution">
        <test-method signature="orangehrm()[pri:0, instance:practisingtestng.ParallelExecution@1d2adfbe]" started-at="2023-03-01T15:02:56 IST" name="orangehrm" finished-at="2023-03-01T15:03:06 IST" duration-ms="9988" status="PASS">
          <reporter-output>
          </reporter-output>
        </test-method> <!-- orangehrm -->
      </class> <!-- practisingtestng.ParallelExecution -->
    </test> <!-- Default test -->
  </suite> <!-- Default suite -->
</testng-results>
