<?xml version="1.0" encoding="UTF-8"?>
<!-- Generated by org.testng.reporters.JUnitXMLReporter -->
<testsuite ignored="1" hostname="DESKTOP-GJ6D9AP" failures="0" tests="10" name="Running All in one class" time="11.955" errors="0" timestamp="2023-03-01T11:16:52 IST">
  <testcase classname="practisingtestng.HandlingDependencies" name="bahvtest" time="0.005"/>
  <testcase classname="practisingtestng.HandlingDependencies" name="volumeexcel" time="0.003"/>
  <testcase classname="practisingtestng.HandlingDependencies" name="returnexcel" time="0.001"/>
  <testcase classname="practisingtestng.SetPriority" name="games" time="0.0"/>
  <testcase classname="practisingtestng.SetPriority" name="learning" time="0.001"/>
  <testcase classname="practisingtestng.SetPriority" name="food" time="0.001"/>
  <testcase classname="practisingtestng.SkippingTest" name="regressiontest" time="0.002"/>
  <testcase classname="practisingtestng.SkippingTest" name="sanitytest" time="0.0"/>
  <testcase classname="practisingtestng.SuiteTest" name="google" time="1.186"/>
  <testcase classname="practisingtestng.SuiteTest" name="yahoo" time="10.702"/>
  <testcase classname="practisingtestng.SkippingTest" name="failurestestcase" time="0.0">
    <ignored/>
  </testcase> <!-- failurestestcase -->
</testsuite> <!-- Running All in one class -->
